c:\users\k023g\downloads\ge3\cg2_directxgame-07_01\cg2_directxgame-07_01\cg2_directxgame\x64\debug\dx12swapchain.nativecodeanalysis.sarif
c:\users\k023g\downloads\ge3\cg2_directxgame-07_01\cg2_directxgame-07_01\cg2_directxgame\x64\debug\dx12swapchain.nativecodeanalysis.xml
c:\users\k023g\downloads\ge3\cg2_directxgame-07_01\cg2_directxgame-07_01\cg2_directxgame\x64\debug\dx12swapchain.obj
c:\users\k023g\downloads\ge3\cg2_directxgame-07_01\cg2_directxgame-07_01\cg2_directxgame\x64\debug\modelmanager.nativecodeanalysis.sarif
c:\users\k023g\downloads\ge3\cg2_directxgame-07_01\cg2_directxgame-07_01\cg2_directxgame\x64\debug\modelmanager.nativecodeanalysis.xml
c:\users\k023g\downloads\ge3\cg2_directxgame-07_01\cg2_directxgame-07_01\cg2_directxgame\x64\debug\modelmanager.obj
c:\users\k023g\downloads\ge3\cg2_directxgame-07_01\cg2_directxgame-07_01\cg2_directxgame\x64\debug\imgui_tables.nativecodeanalysis.sarif
c:\users\k023g\downloads\ge3\cg2_directxgame-07_01\cg2_directxgame-07_01\cg2_directxgame\x64\debug\imgui_tables.nativecodeanalysis.xml
c:\users\k023g\downloads\ge3\cg2_directxgame-07_01\cg2_directxgame-07_01\cg2_directxgame\x64\debug\imgui_tables.obj
c:\users\k023g\downloads\ge3\cg2_directxgame-07_01\cg2_directxgame-07_01\cg2_directxgame\x64\debug\logstring.nativecodeanalysis.sarif
c:\users\k023g\downloads\ge3\cg2_directxgame-07_01\cg2_directxgame-07_01\cg2_directxgame\x64\debug\logstring.nativecodeanalysis.xml
c:\users\k023g\downloads\ge3\cg2_directxgame-07_01\cg2_directxgame-07_01\cg2_directxgame\x64\debug\logstring.obj
c:\users\k023g\downloads\ge3\cg2_directxgame-07_01\cg2_directxgame-07_01\cg2_directxgame\x64\debug\imgui_draw.nativecodeanalysis.sarif
c:\users\k023g\downloads\ge3\cg2_directxgame-07_01\cg2_directxgame-07_01\cg2_directxgame\x64\debug\imgui_draw.nativecodeanalysis.xml
c:\users\k023g\downloads\ge3\cg2_directxgame-07_01\cg2_directxgame-07_01\cg2_directxgame\x64\debug\imgui_draw.obj
c:\users\k023g\downloads\ge3\cg2_directxgame-07_01\cg2_directxgame-07_01\cg2_directxgame\x64\debug\resourceobject.nativecodeanalysis.sarif
c:\users\k023g\downloads\ge3\cg2_directxgame-07_01\cg2_directxgame-07_01\cg2_directxgame\x64\debug\resourceobject.nativecodeanalysis.xml
c:\users\k023g\downloads\ge3\cg2_directxgame-07_01\cg2_directxgame-07_01\cg2_directxgame\x64\debug\resourceobject.obj
c:\users\k023g\downloads\ge3\cg2_directxgame-07_01\cg2_directxgame-07_01\cg2_directxgame\x64\debug\spritecommon.nativecodeanalysis.sarif
c:\users\k023g\downloads\ge3\cg2_directxgame-07_01\cg2_directxgame-07_01\cg2_directxgame\x64\debug\spritecommon.nativecodeanalysis.xml
c:\users\k023g\downloads\ge3\cg2_directxgame-07_01\cg2_directxgame-07_01\cg2_directxgame\x64\debug\spritecommon.obj
c:\users\k023g\downloads\ge3\cg2_directxgame-07_01\cg2_directxgame-07_01\cg2_directxgame\x64\debug\input.nativecodeanalysis.sarif
c:\users\k023g\downloads\ge3\cg2_directxgame-07_01\cg2_directxgame-07_01\cg2_directxgame\x64\debug\input.nativecodeanalysis.xml
c:\users\k023g\downloads\ge3\cg2_directxgame-07_01\cg2_directxgame-07_01\cg2_directxgame\x64\debug\input.obj
c:\users\k023g\downloads\ge3\cg2_directxgame-07_01\cg2_directxgame-07_01\cg2_directxgame\x64\debug\matrix4x4.nativecodeanalysis.sarif
c:\users\k023g\downloads\ge3\cg2_directxgame-07_01\cg2_directxgame-07_01\cg2_directxgame\x64\debug\matrix4x4.nativecodeanalysis.xml
c:\users\k023g\downloads\ge3\cg2_directxgame-07_01\cg2_directxgame-07_01\cg2_directxgame\x64\debug\matrix4x4.obj
c:\users\k023g\downloads\ge3\cg2_directxgame-07_01\cg2_directxgame-07_01\cg2_directxgame\x64\debug\model.nativecodeanalysis.sarif
c:\users\k023g\downloads\ge3\cg2_directxgame-07_01\cg2_directxgame-07_01\cg2_directxgame\x64\debug\model.nativecodeanalysis.xml
c:\users\k023g\downloads\ge3\cg2_directxgame-07_01\cg2_directxgame-07_01\cg2_directxgame\x64\debug\model.obj
c:\users\k023g\downloads\ge3\cg2_directxgame-07_01\cg2_directxgame-07_01\cg2_directxgame\x64\debug\blendstatemanager.nativecodeanalysis.sarif
c:\users\k023g\downloads\ge3\cg2_directxgame-07_01\cg2_directxgame-07_01\cg2_directxgame\x64\debug\blendstatemanager.nativecodeanalysis.xml
c:\users\k023g\downloads\ge3\cg2_directxgame-07_01\cg2_directxgame-07_01\cg2_directxgame\x64\debug\blendstatemanager.obj
c:\users\k023g\downloads\ge3\cg2_directxgame-07_01\cg2_directxgame-07_01\cg2_directxgame\x64\debug\pipelinestatemanager.nativecodeanalysis.sarif
c:\users\k023g\downloads\ge3\cg2_directxgame-07_01\cg2_directxgame-07_01\cg2_directxgame\x64\debug\pipelinestatemanager.nativecodeanalysis.xml
c:\users\k023g\downloads\ge3\cg2_directxgame-07_01\cg2_directxgame-07_01\cg2_directxgame\x64\debug\pipelinestatemanager.obj
c:\users\k023g\downloads\ge3\cg2_directxgame-07_01\cg2_directxgame-07_01\cg2_directxgame\x64\debug\imgui_impl_win32.nativecodeanalysis.sarif
c:\users\k023g\downloads\ge3\cg2_directxgame-07_01\cg2_directxgame-07_01\cg2_directxgame\x64\debug\imgui_impl_win32.nativecodeanalysis.xml
c:\users\k023g\downloads\ge3\cg2_directxgame-07_01\cg2_directxgame-07_01\cg2_directxgame\x64\debug\imgui_impl_win32.obj
c:\users\k023g\downloads\ge3\cg2_directxgame-07_01\cg2_directxgame-07_01\cg2_directxgame\x64\debug\inputlayoutmanager.nativecodeanalysis.sarif
c:\users\k023g\downloads\ge3\cg2_directxgame-07_01\cg2_directxgame-07_01\cg2_directxgame\x64\debug\inputlayoutmanager.nativecodeanalysis.xml
c:\users\k023g\downloads\ge3\cg2_directxgame-07_01\cg2_directxgame-07_01\cg2_directxgame\x64\debug\inputlayoutmanager.obj
c:\users\k023g\downloads\ge3\cg2_directxgame-07_01\cg2_directxgame-07_01\cg2_directxgame\x64\debug\sprite.nativecodeanalysis.sarif
c:\users\k023g\downloads\ge3\cg2_directxgame-07_01\cg2_directxgame-07_01\cg2_directxgame\x64\debug\sprite.nativecodeanalysis.xml
c:\users\k023g\downloads\ge3\cg2_directxgame-07_01\cg2_directxgame-07_01\cg2_directxgame\x64\debug\sprite.obj
c:\users\k023g\downloads\ge3\cg2_directxgame-07_01\cg2_directxgame-07_01\cg2_directxgame\x64\debug\imgui.nativecodeanalysis.sarif
c:\users\k023g\downloads\ge3\cg2_directxgame-07_01\cg2_directxgame-07_01\cg2_directxgame\x64\debug\imgui.nativecodeanalysis.xml
c:\users\k023g\downloads\ge3\cg2_directxgame-07_01\cg2_directxgame-07_01\cg2_directxgame\x64\debug\imgui.obj
c:\users\k023g\downloads\ge3\cg2_directxgame-07_01\cg2_directxgame-07_01\cg2_directxgame\x64\debug\imgui_demo.nativecodeanalysis.sarif
c:\users\k023g\downloads\ge3\cg2_directxgame-07_01\cg2_directxgame-07_01\cg2_directxgame\x64\debug\imgui_demo.nativecodeanalysis.xml
c:\users\k023g\downloads\ge3\cg2_directxgame-07_01\cg2_directxgame-07_01\cg2_directxgame\x64\debug\imgui_demo.obj
c:\users\k023g\downloads\ge3\cg2_directxgame-07_01\cg2_directxgame-07_01\cg2_directxgame\x64\debug\main.nativecodeanalysis.sarif
c:\users\k023g\downloads\ge3\cg2_directxgame-07_01\cg2_directxgame-07_01\cg2_directxgame\x64\debug\main.nativecodeanalysis.xml
c:\users\k023g\downloads\ge3\cg2_directxgame-07_01\cg2_directxgame-07_01\cg2_directxgame\x64\debug\main.obj
c:\users\k023g\downloads\ge3\cg2_directxgame-07_01\cg2_directxgame-07_01\cg2_directxgame\x64\debug\d3dresourceleakchecker.nativecodeanalysis.sarif
c:\users\k023g\downloads\ge3\cg2_directxgame-07_01\cg2_directxgame-07_01\cg2_directxgame\x64\debug\d3dresourceleakchecker.nativecodeanalysis.xml
c:\users\k023g\downloads\ge3\cg2_directxgame-07_01\cg2_directxgame-07_01\cg2_directxgame\x64\debug\d3dresourceleakchecker.obj
c:\users\k023g\downloads\ge3\cg2_directxgame-07_01\cg2_directxgame-07_01\cg2_directxgame\x64\debug\object3d.nativecodeanalysis.sarif
c:\users\k023g\downloads\ge3\cg2_directxgame-07_01\cg2_directxgame-07_01\cg2_directxgame\x64\debug\object3d.nativecodeanalysis.xml
c:\users\k023g\downloads\ge3\cg2_directxgame-07_01\cg2_directxgame-07_01\cg2_directxgame\x64\debug\object3d.obj
c:\users\k023g\downloads\ge3\cg2_directxgame-07_01\cg2_directxgame-07_01\cg2_directxgame\x64\debug\dx12device.nativecodeanalysis.sarif
c:\users\k023g\downloads\ge3\cg2_directxgame-07_01\cg2_directxgame-07_01\cg2_directxgame\x64\debug\dx12device.nativecodeanalysis.xml
c:\users\k023g\downloads\ge3\cg2_directxgame-07_01\cg2_directxgame-07_01\cg2_directxgame\x64\debug\dx12device.obj
c:\users\k023g\downloads\ge3\cg2_directxgame-07_01\cg2_directxgame-07_01\cg2_directxgame\x64\debug\vector2.nativecodeanalysis.sarif
c:\users\k023g\downloads\ge3\cg2_directxgame-07_01\cg2_directxgame-07_01\cg2_directxgame\x64\debug\vector2.nativecodeanalysis.xml
c:\users\k023g\downloads\ge3\cg2_directxgame-07_01\cg2_directxgame-07_01\cg2_directxgame\x64\debug\vector2.obj
c:\users\k023g\downloads\ge3\cg2_directxgame-07_01\cg2_directxgame-07_01\cg2_directxgame\x64\debug\winapp.nativecodeanalysis.sarif
c:\users\k023g\downloads\ge3\cg2_directxgame-07_01\cg2_directxgame-07_01\cg2_directxgame\x64\debug\winapp.nativecodeanalysis.xml
c:\users\k023g\downloads\ge3\cg2_directxgame-07_01\cg2_directxgame-07_01\cg2_directxgame\x64\debug\winapp.obj
c:\users\k023g\downloads\ge3\cg2_directxgame-07_01\cg2_directxgame-07_01\cg2_directxgame\x64\debug\directxcommon.nativecodeanalysis.sarif
c:\users\k023g\downloads\ge3\cg2_directxgame-07_01\cg2_directxgame-07_01\cg2_directxgame\x64\debug\directxcommon.nativecodeanalysis.xml
c:\users\k023g\downloads\ge3\cg2_directxgame-07_01\cg2_directxgame-07_01\cg2_directxgame\x64\debug\directxcommon.obj
c:\users\k023g\downloads\ge3\cg2_directxgame-07_01\cg2_directxgame-07_01\cg2_directxgame\x64\debug\imgui_impl_dx12.nativecodeanalysis.sarif
c:\users\k023g\downloads\ge3\cg2_directxgame-07_01\cg2_directxgame-07_01\cg2_directxgame\x64\debug\imgui_impl_dx12.nativecodeanalysis.xml
c:\users\k023g\downloads\ge3\cg2_directxgame-07_01\cg2_directxgame-07_01\cg2_directxgame\x64\debug\imgui_impl_dx12.obj
c:\users\k023g\downloads\ge3\cg2_directxgame-07_01\cg2_directxgame-07_01\cg2_directxgame\x64\debug\resourcemanager.nativecodeanalysis.sarif
c:\users\k023g\downloads\ge3\cg2_directxgame-07_01\cg2_directxgame-07_01\cg2_directxgame\x64\debug\resourcemanager.nativecodeanalysis.xml
c:\users\k023g\downloads\ge3\cg2_directxgame-07_01\cg2_directxgame-07_01\cg2_directxgame\x64\debug\resourcemanager.obj
c:\users\k023g\downloads\ge3\cg2_directxgame-07_01\cg2_directxgame-07_01\cg2_directxgame\x64\debug\dxdepthstencil.nativecodeanalysis.sarif
c:\users\k023g\downloads\ge3\cg2_directxgame-07_01\cg2_directxgame-07_01\cg2_directxgame\x64\debug\dxdepthstencil.nativecodeanalysis.xml
c:\users\k023g\downloads\ge3\cg2_directxgame-07_01\cg2_directxgame-07_01\cg2_directxgame\x64\debug\dxdepthstencil.obj
c:\users\k023g\downloads\ge3\cg2_directxgame-07_01\cg2_directxgame-07_01\cg2_directxgame\x64\debug\rasterizerstatemanager.nativecodeanalysis.sarif
c:\users\k023g\downloads\ge3\cg2_directxgame-07_01\cg2_directxgame-07_01\cg2_directxgame\x64\debug\rasterizerstatemanager.nativecodeanalysis.xml
c:\users\k023g\downloads\ge3\cg2_directxgame-07_01\cg2_directxgame-07_01\cg2_directxgame\x64\debug\rasterizerstatemanager.obj
c:\users\k023g\downloads\ge3\cg2_directxgame-07_01\cg2_directxgame-07_01\cg2_directxgame\x64\debug\vector3.nativecodeanalysis.sarif
c:\users\k023g\downloads\ge3\cg2_directxgame-07_01\cg2_directxgame-07_01\cg2_directxgame\x64\debug\vector3.nativecodeanalysis.xml
c:\users\k023g\downloads\ge3\cg2_directxgame-07_01\cg2_directxgame-07_01\cg2_directxgame\x64\debug\vector3.obj
c:\users\k023g\downloads\ge3\cg2_directxgame-07_01\cg2_directxgame-07_01\cg2_directxgame\x64\debug\imgui_widgets.nativecodeanalysis.sarif
c:\users\k023g\downloads\ge3\cg2_directxgame-07_01\cg2_directxgame-07_01\cg2_directxgame\x64\debug\imgui_widgets.nativecodeanalysis.xml
c:\users\k023g\downloads\ge3\cg2_directxgame-07_01\cg2_directxgame-07_01\cg2_directxgame\x64\debug\imgui_widgets.obj
c:\users\k023g\downloads\ge3\cg2_directxgame-07_01\cg2_directxgame-07_01\cg2_directxgame\x64\debug\shadermanager.nativecodeanalysis.sarif
c:\users\k023g\downloads\ge3\cg2_directxgame-07_01\cg2_directxgame-07_01\cg2_directxgame\x64\debug\shadermanager.nativecodeanalysis.xml
c:\users\k023g\downloads\ge3\cg2_directxgame-07_01\cg2_directxgame-07_01\cg2_directxgame\x64\debug\shadermanager.obj
c:\users\k023g\downloads\ge3\cg2_directxgame-07_01\cg2_directxgame-07_01\cg2_directxgame\x64\debug\dx12descriptor.nativecodeanalysis.sarif
c:\users\k023g\downloads\ge3\cg2_directxgame-07_01\cg2_directxgame-07_01\cg2_directxgame\x64\debug\dx12descriptor.nativecodeanalysis.xml
c:\users\k023g\downloads\ge3\cg2_directxgame-07_01\cg2_directxgame-07_01\cg2_directxgame\x64\debug\dx12descriptor.obj
c:\users\k023g\downloads\ge3\cg2_directxgame-07_01\cg2_directxgame-07_01\cg2_directxgame\x64\debug\rootsignaturemanager.nativecodeanalysis.sarif
c:\users\k023g\downloads\ge3\cg2_directxgame-07_01\cg2_directxgame-07_01\cg2_directxgame\x64\debug\rootsignaturemanager.nativecodeanalysis.xml
c:\users\k023g\downloads\ge3\cg2_directxgame-07_01\cg2_directxgame-07_01\cg2_directxgame\x64\debug\rootsignaturemanager.obj
c:\users\k023g\downloads\ge3\cg2_directxgame-07_01\cg2_directxgame-07_01\cg2_directxgame\x64\debug\imguimanager.nativecodeanalysis.sarif
c:\users\k023g\downloads\ge3\cg2_directxgame-07_01\cg2_directxgame-07_01\cg2_directxgame\x64\debug\imguimanager.nativecodeanalysis.xml
c:\users\k023g\downloads\ge3\cg2_directxgame-07_01\cg2_directxgame-07_01\cg2_directxgame\x64\debug\imguimanager.obj
c:\users\k023g\downloads\ge3\cg2_directxgame-07_01\cg2_directxgame-07_01\cg2_directxgame\x64\debug\vc143.idb
c:\users\k023g\downloads\ge3\cg2_directxgame-07_01\cg2_directxgame-07_01\cg2_directxgame\x64\debug\vc143.pdb
c:\users\k023g\downloads\ge3\cg2_directxgame-07_01\cg2_directxgame-07_01\cg2_directxgame\x64\debug\cg2_directxgame.tlog\cl.10904.write.1.tlog
c:\users\k023g\downloads\ge3\cg2_directxgame-07_01\cg2_directxgame-07_01\cg2_directxgame\x64\debug\cg2_directxgame.tlog\cl.command.1.tlog
c:\users\k023g\downloads\ge3\cg2_directxgame-07_01\cg2_directxgame-07_01\cg2_directxgame\x64\debug\cg2_directxgame.tlog\cl.read.1.tlog
